Arguments: 
  /Users/ischwartz/.nvm/versions/node/v16.13.1/bin/node /usr/local/bin/yarn.js start

PATH: 
  /Users/ischwartz/.deno/bin:/Users/ischwartz/.rbenv/shims:/Users/ischwartz/.rbenv/bin:/usr/local/opt/sqlite/bin:/Users/ischwartz/.nvm/versions/node/v16.13.1/bin:/usr/local/bin:/usr/bin:/bin:/usr/sbin:/sbin:/Users/ischwartz/.cargo/bin:/usr/local/mysql/bin

Yarn version: 
  1.22.4

Node version: 
  16.13.1

Platform: 
  darwin x64

Trace: 
  SyntaxError: /Users/ischwartz/JAMtalk/package.json: Unexpected string in JSON at position 248
      at JSON.parse (<anonymous>)
      at /usr/local/Caskroom/cg-yarn/1.22.4/yarn-v1.22.4/lib/cli.js:1625:59
      at Generator.next (<anonymous>)
      at step (/usr/local/Caskroom/cg-yarn/1.22.4/yarn-v1.22.4/lib/cli.js:310:30)
      at /usr/local/Caskroom/cg-yarn/1.22.4/yarn-v1.22.4/lib/cli.js:321:13

npm manifest: 
  {
    "name": "JAMtalk",
    "version": "1.0.0",
    "main": "index.js",
    "license": "MIT",
    "dependencies": {
      "tsc": "^2.0.4",
      "typescript": "^4.6.2"
    },
    "scripts": {
    	"start": "tsc index.ts && node index.js || say 'something went wrong'""
    }
  }

yarn manifest: 
  No manifest

Lockfile: 
  # THIS IS AN AUTOGENERATED FILE. DO NOT EDIT THIS FILE DIRECTLY.
  # yarn lockfile v1
  
  
  tsc@^2.0.4:
    version "2.0.4"
    resolved "https://registry.yarnpkg.com/tsc/-/tsc-2.0.4.tgz#5f6499146abea5dca4420b451fa4f2f9345238f5"
    integrity sha512-fzoSieZI5KKJVBYGvwbVZs/J5za84f2lSTLPYf6AGiIf43tZ3GNrI1QzTLcjtyDDP4aLxd46RTZq1nQxe7+k5Q==
  
  typescript@^4.6.2:
    version "4.6.2"
    resolved "https://registry.yarnpkg.com/typescript/-/typescript-4.6.2.tgz#fe12d2727b708f4eef40f51598b3398baa9611d4"
    integrity sha512-HM/hFigTBHZhLXshn9sN37H085+hQGeJHJ/X7LpBWLID/fbc2acUMfU+lGD98X81sKP+pFa9f0DZmCwB9GnbAg==
